#
# A fatal error has been detected by the Java Runtime Environment:
#
#  EXCEPTION_ACCESS_VIOLATION (0xc0000005) at pc=0x00007ffa0600c1c4, pid=20764, tid=30476
#
# JRE version: Java(TM) SE Runtime Environment (17.0.7+8) (build 17.0.7+8-LTS-224)
# Java VM: Java HotSpot(TM) 64-Bit Server VM (17.0.7+8-LTS-224, mixed mode, sharing, tiered, compressed oops, compressed class ptrs, g1 gc, windows-amd64)
# Problematic frame:
# C  [cyjagent.dll+0xc1c4]
#
# No core dump will be written. Minidumps are not enabled by default on client versions of Windows
#
# If you would like to submit a bug report, please visit:
#   https://bugreport.java.com/bugreport/crash.jsp
# The crash happened outside the Java Virtual Machine in native code.
# See problematic frame for where to report the bug.
#

---------------  S U M M A R Y ------------

Command Line: -javaagent:C:\Program Files\JetBrains\IntelliJ IDEA Community Edition 2023.1.2\lib\idea_rt.jar=53674:C:\Program Files\JetBrains\IntelliJ IDEA Community Edition 2023.1.2\bin -Dfile.encoding=UTF-8 -agentpath:C:\Program Files\Palo Alto Networks\Traps\cyjagent.dll oop.inheritance.MainInheritance

Host: 12th Gen Intel(R) Core(TM) i7-1265U, 12 cores, 31G,  Windows 11 , 64 bit Build 22621 (10.0.22621.1778)
Time: Thu Jun 22 13:28:17 2023 GTB Daylight Time elapsed time: 0.163629 seconds (0d 0h 0m 0s)

---------------  T H R E A D  ---------------

Current thread (0x00000266a1803db0):  JavaThread "Monitor Ctrl-Break" daemon [_thread_in_native, id=30476, stack(0x000000e353600000,0x000000e353700000)]

Stack: [0x000000e353600000,0x000000e353700000],  sp=0x000000e3536fdee0,  free space=1015k
Native frames: (J=compiled Java code, j=interpreted, Vv=VM code, C=native code)
C  [cyjagent.dll+0xc1c4]

Java frames: (J=compiled Java code, j=interpreted, Vv=VM code)
j  sun.nio.ch.Util$1.initialValue()Lsun/nio/ch/Util$BufferCache;+0 java.base@17.0.7
j  sun.nio.ch.Util$1.initialValue()Ljava/lang/Object;+1 java.base@17.0.7
j  java.lang.ThreadLocal.setInitialValue()Ljava/lang/Object;+1 java.base@17.0.7
j  java.lang.ThreadLocal.get()Ljava/lang/Object;+34 java.base@17.0.7
j  sun.nio.ch.Util.getTemporaryDirectBuffer(I)Ljava/nio/ByteBuffer;+15 java.base@17.0.7
j  sun.nio.ch.NioSocketImpl.tryRead(Ljava/io/FileDescriptor;[BII)I+2 java.base@17.0.7
j  sun.nio.ch.NioSocketImpl.implRead([BII)I+99 java.base@17.0.7
j  sun.nio.ch.NioSocketImpl.read([BII)I+54 java.base@17.0.7
j  sun.nio.ch.NioSocketImpl$1.read([BII)I+7 java.base@17.0.7
j  java.net.Socket$SocketInputStream.read([BII)I+7 java.base@17.0.7
j  sun.nio.cs.StreamDecoder.readBytes()I+117 java.base@17.0.7
j  sun.nio.cs.StreamDecoder.implRead([CII)I+112 java.base@17.0.7
j  sun.nio.cs.StreamDecoder.read([CII)I+180 java.base@17.0.7
j  java.io.InputStreamReader.read([CII)I+7 java.base@17.0.7
j  java.io.BufferedReader.fill()V+145 java.base@17.0.7
j  java.io.BufferedReader.readLine(Z[Z)Ljava/lang/String;+52 java.base@17.0.7
j  java.io.BufferedReader.readLine()Ljava/lang/String;+3 java.base@17.0.7
j  com.intellij.rt.execution.application.AppMainV2$1.run()V+36
v  ~StubRoutines::call_stub

siginfo: EXCEPTION_ACCESS_VIOLATION (0xc0000005), reading address 0x0000000000000000


Register to memory mapping:

RIP=0x00007ffa0600c1c4 cyjagent.dll
RAX=0x0 is NULL
RBX=0x00000266a1804058 points into unknown readable memory: 0x00007ff97c3c0660 | 60 06 3c 7c f9 7f 00 00
RCX=0x0 is NULL
RDX=0x00000266f2b92e10 points into unknown readable memory: 0x00000266a1803db0 | b0 3d 80 a1 66 02 00 00
RSP=0x000000e3536fdee0 is pointing into the stack for thread: 0x00000266a1803db0
RBP=0x00000266fbe7f8d0 points into unknown readable memory: 0x00000266fbd9a1d0 | d0 a1 d9 fb 66 02 00 00
RSI=0x0 is NULL
RDI=0x00000266a17a3e70 points into unknown readable memory: 0x2f6f696e2f6e7573 | 73 75 6e 2f 6e 69 6f 2f
R8 =0x000000e3536fdd58 is pointing into the stack for thread: 0x00000266a1803db0
R9 =0x0 is NULL
R10=0x0 is NULL
R11=0x0000000000000246 is an unknown value
R12=0x00000266a17a3e70 points into unknown readable memory: 0x2f6f696e2f6e7573 | 73 75 6e 2f 6e 69 6f 2f
R13=0x00000266a17383e0 points into unknown readable memory: 0x0000000000000002 | 02 00 00 00 00 00 00 00
R14=0x000000e3536fe100 is pointing into the stack for thread: 0x00000266a1803db0
R15=0x0 is NULL


Registers:
RAX=0x0000000000000000, RBX=0x00000266a1804058, RCX=0x0000000000000000, RDX=0x00000266f2b92e10
RSP=0x000000e3536fdee0, RBP=0x00000266fbe7f8d0, RSI=0x0000000000000000, RDI=0x00000266a17a3e70
R8 =0x000000e3536fdd58, R9 =0x0000000000000000, R10=0x0000000000000000, R11=0x0000000000000246
R12=0x00000266a17a3e70, R13=0x00000266a17383e0, R14=0x000000e3536fe100, R15=0x0000000000000000
RIP=0x00007ffa0600c1c4, EFLAGS=0x0000000000010202

Top of Stack: (sp=0x000000e3536fdee0)
0x000000e3536fdee0:   00000266a17a3e70 00000266a1804058
0x000000e3536fdef0:   0000000800090101 00007ff97bd27fba
0x000000e3536fdf00:   00000266a1803d00 00007ff97bca0b56
0x000000e3536fdf10:   00000266ffb5a878 00000266fbe7f8d0
0x000000e3536fdf20:   000000000000001b 00000266a173d510
0x000000e3536fdf30:   00000266f2b91900 00000266a1803db0
0x000000e3536fdf40:   000000e3536fe138 00007ff97be43dfc
0x000000e3536fdf50:   00000266f2b91900 00000266a1803db0
0x000000e3536fdf60:   0000000000000000 00000266a1ca4348
0x000000e3536fdf70:   00000266a17a3e70 0000000000000000
0x000000e3536fdf80:   0000026600000876 00000266a17a35c0
0x000000e3536fdf90:   000000e3536fe088 000000e3536fdfa8
0x000000e3536fdfa0:   0000026600000000 0000000000000000
0x000000e3536fdfb0:   0000000000000000 0000000000000000
0x000000e3536fdfc0:   00000266a17383e0 00000266a17a35b0
0x000000e3536fdfd0:   00000266a17a3e90 00000266a17ab598 

Instructions: (pc=0x00007ffa0600c1c4)
0x00007ffa0600c0c4:   00 00 03 72 2d 44 8b ce 48 8d 05 3d e0 01 00 ba
0x00007ffa0600c0d4:   2f 00 00 00 4e 8b 0c c8 48 8b 89 b0 02 00 00 4c
0x00007ffa0600c0e4:   8d 05 56 df 01 00 e8 51 50 ff ff 48 8b 0d ea 38
0x00007ffa0600c0f4:   02 00 48 3b cb 74 68 f6 81 bc 02 00 00 10 74 5f
0x00007ffa0600c104:   80 b9 b9 02 00 00 02 72 56 4c 8b 8c 24 90 00 00
0x00007ffa0600c114:   00 4c 8d 05 24 df 01 00 48 8b 89 b0 02 00 00 ba
0x00007ffa0600c124:   31 00 00 00 e8 13 50 ff ff eb 34 49 8b 0f 4c 8b
0x00007ffa0600c134:   c3 48 8b d6 e8 d3 63 00 00 48 8b 84 24 b0 00 00
0x00007ffa0600c144:   00 89 18 48 8b 0d 6a 4c 02 00 4c 8b c6 33 d2 ff
0x00007ffa0600c154:   15 87 50 01 00 eb 08 a8 02 75 04 c6 47 40 01 b8
0x00007ffa0600c164:   ff ff ff ff f0 0f c1 47 10 4c 8b b4 24 88 00 00
0x00007ffa0600c174:   00 83 f8 01 75 42 48 8b 4f 18 48 81 c1 70 01 00
0x00007ffa0600c184:   00 ff 15 1d 51 01 00 48 8b 0f 48 8b 47 08 48 89
0x00007ffa0600c194:   08 48 89 41 08 48 8b 4f 18 48 81 c1 70 01 00 00
0x00007ffa0600c1a4:   ff 15 06 51 01 00 48 8b 0d 07 4c 02 00 4c 8b c7
0x00007ffa0600c1b4:   33 d2 ff 15 24 50 01 00 48 8b 4d 20 48 8b 55 10
0x00007ffa0600c1c4:   48 8b 01 48 8b 80 08 01 00 00 ff 15 0c 51 01 00
0x00007ffa0600c1d4:   85 c0 74 40 48 8b 0d 01 38 02 00 48 8d 15 fa 37
0x00007ffa0600c1e4:   02 00 48 3b ca 74 2d f6 81 bc 02 00 00 10 74 24
0x00007ffa0600c1f4:   80 b9 b9 02 00 00 03 72 1b 48 8b 89 b0 02 00 00
0x00007ffa0600c204:   4c 8d 05 35 de 01 00 ba 15 00 00 00 44 8b c8 e8
0x00007ffa0600c214:   68 4e ff ff 48 8b 6c 24 78 48 8b b4 24 80 00 00
0x00007ffa0600c224:   00 48 83 c4 50 41 5f 5f 5b c3 cc cc 40 57 48 83
0x00007ffa0600c234:   ec 30 f6 81 78 01 00 00 04 48 8b f9 0f 85 87 02
0x00007ffa0600c244:   00 00 48 89 5c 24 40 45 33 c9 48 89 6c 24 48 33
0x00007ffa0600c254:   d2 48 89 74 24 50 48 8b 71 20 45 8d 41 32 48 8b
0x00007ffa0600c264:   ce 48 8b 06 48 8b 40 08 ff 15 6e 50 01 00 48 8d
0x00007ffa0600c274:   2d 67 37 02 00 85 c0 74 37 48 8b 0d 5c 37 02 00
0x00007ffa0600c284:   48 3b cd 74 2b f6 81 bc 02 00 00 10 74 22 80 b9
0x00007ffa0600c294:   b9 02 00 00 02 72 19 48 8b 89 b0 02 00 00 ba 11
0x00007ffa0600c2a4:   00 00 00 89 44 24 20 44 8d 4a 21 e8 7c dc ff ff
0x00007ffa0600c2b4:   48 8b 06 45 33 c9 33 d2 48 8b ce 48 8b 40 08 45 


Stack slot to memory mapping:
stack at sp + 0 slots: 0x00000266a17a3e70 points into unknown readable memory: 0x2f6f696e2f6e7573 | 73 75 6e 2f 6e 69 6f 2f
stack at sp + 1 slots: 0x00000266a1804058 points into unknown readable memory: 0x00007ff97c3c0660 | 60 06 3c 7c f9 7f 00 00
stack at sp + 2 slots: 0x0000000800090101 is pointing into metadata
stack at sp + 3 slots: 0x00007ff97bd27fba jvm.dll
stack at sp + 4 slots: 0x00000266a1803d00 points into unknown readable memory: 0x535c53574f444e49 | 49 4e 44 4f 57 53 5c 53
stack at sp + 5 slots: 0x00007ff97bca0b56 jvm.dll
stack at sp + 6 slots: 0x00000266ffb5a878 points into unknown readable memory: 0x7573001bdf2affff | ff ff 2a df 1b 00 73 75
stack at sp + 7 slots: 0x00000266fbe7f8d0 points into unknown readable memory: 0x00000266fbd9a1d0 | d0 a1 d9 fb 66 02 00 00


---------------  P R O C E S S  ---------------

Threads class SMR info:
_java_thread_list=0x00000266a179b3c0, length=12, elements={
0x00000266a15a5fa0, 0x00000266a15a8970, 0x00000266a15ba4a0, 0x00000266a15bb050,
0x00000266a15bbc00, 0x00000266a15c05d0, 0x00000266a15c1360, 0x00000266a15c5e10,
0x00000266a15c6800, 0x00000266a15a05c0, 0x00000266a1803db0, 0x00000266a173b840
}

Java Threads: ( => current thread )
  0x00000266a15a5fa0 JavaThread "Reference Handler" daemon [_thread_blocked, id=27884, stack(0x000000e352c00000,0x000000e352d00000)]
  0x00000266a15a8970 JavaThread "Finalizer" daemon [_thread_blocked, id=16160, stack(0x000000e352d00000,0x000000e352e00000)]
  0x00000266a15ba4a0 JavaThread "Signal Dispatcher" daemon [_thread_blocked, id=31084, stack(0x000000e352e00000,0x000000e352f00000)]
  0x00000266a15bb050 JavaThread "Attach Listener" daemon [_thread_blocked, id=28896, stack(0x000000e352f00000,0x000000e353000000)]
  0x00000266a15bbc00 JavaThread "Service Thread" daemon [_thread_blocked, id=17340, stack(0x000000e353000000,0x000000e353100000)]
  0x00000266a15c05d0 JavaThread "Monitor Deflation Thread" daemon [_thread_blocked, id=30700, stack(0x000000e353100000,0x000000e353200000)]
  0x00000266a15c1360 JavaThread "C2 CompilerThread0" daemon [_thread_blocked, id=21736, stack(0x000000e353200000,0x000000e353300000)]
  0x00000266a15c5e10 JavaThread "C1 CompilerThread0" daemon [_thread_blocked, id=28064, stack(0x000000e353300000,0x000000e353400000)]
  0x00000266a15c6800 JavaThread "Sweeper thread" daemon [_thread_blocked, id=2784, stack(0x000000e353400000,0x000000e353500000)]
  0x00000266a15a05c0 JavaThread "Common-Cleaner" daemon [_thread_blocked, id=30852, stack(0x000000e353500000,0x000000e353600000)]
=>0x00000266a1803db0 JavaThread "Monitor Ctrl-Break" daemon [_thread_in_native, id=30476, stack(0x000000e353600000,0x000000e353700000)]
  0x00000266a173b840 JavaThread "Notification Thread" daemon [_thread_blocked, id=13228, stack(0x000000e353700000,0x000000e353800000)]

Other Threads:
  0x00000266ffbc4a50 VMThread "VM Thread" [stack: 0x000000e352b00000,0x000000e352c00000] [id=13716] _threads_hazard_ptr=0x00000266a179b3c0
  0x00000266ffa10780 GCTaskThread "GC Thread#0" [stack: 0x000000e352600000,0x000000e352700000] [id=14768]
  0x00000266f2c22340 ConcurrentGCThread "G1 Main Marker" terminated
  0x00000266f2c23c00 ConcurrentGCThread "G1 Conc#0" [stack: 0x000000e352800000,0x000000e352900000] [id=13824]
  0x00000266ffaf9980 ConcurrentGCThread "G1 Refine#0" terminated
  0x00000266ffafa240 ConcurrentGCThread "G1 Service" terminated

Threads with active compile tasks:
C2 CompilerThread0      318  255       4       java.lang.StringLatin1::equals (36 bytes)
C1 CompilerThread0      319  247       3       java.lang.Class::getName (18 bytes)

VM state: at safepoint (normal execution)

VM Mutex/Monitor currently owned by a thread:  ([mutex/lock_event])
[0x00000266f2b9f1a0] Threads_lock - owner thread: 0x00000266ffbc4a50
[0x00000266f2b9fce0] Heap_lock - owner thread: 0x00000266f2b91e80

Heap address: 0x0000000604c00000, size: 8116 MB, Compressed Oops mode: Zero based, Oop shift amount: 3

CDS archive(s) mapped at: [0x0000000800000000-0x0000000800bd0000-0x0000000800bd0000), size 12386304, SharedBaseAddress: 0x0000000800000000, ArchiveRelocationMode: 0.
Compressed class space mapped at: 0x0000000800c00000-0x0000000840c00000, reserved size: 1073741824
Narrow klass base: 0x0000000800000000, Narrow klass shift: 0, Narrow klass range: 0x100000000

GC Precious Log:
 CPUs: 12 total, 12 available
 Memory: 32452M
 Large Page Support: Disabled
 NUMA Support: Disabled
 Compressed Oops: Enabled (Zero based)
 Heap Region Size: 4M
 Heap Min Capacity: 8M
 Heap Initial Capacity: 508M
 Heap Max Capacity: 8116M
 Pre-touch: Disabled
 Parallel Workers: 10
 Concurrent Workers: 3
 Concurrent Refinement Workers: 10
 Periodic GC: Disabled

Heap:
 garbage-first heap   total 520192K, used 0K [0x0000000604c00000, 0x0000000800000000)
  region size 4096K, 1 young (4096K), 0 survivors (0K)
 Metaspace       used 775K, committed 896K, reserved 1056768K
  class space    used 63K, committed 128K, reserved 1048576K

Heap Regions: E=young(eden), S=young(survivor), O=old, HS=humongous(starts), HC=humongous(continues), CS=collection set, F=free, OA=open archive, CA=closed archive, TAMS=top-at-mark-start (previous, next)
|   0|0x0000000604c00000, 0x0000000604c00000, 0x0000000605000000|  0%| F|  |TAMS 0x0000000604c00000, 0x0000000604c00000| Untracked 
|   1|0x0000000605000000, 0x0000000605000000, 0x0000000605400000|  0%| F|  |TAMS 0x0000000605000000, 0x0000000605000000| Untracked 
|   2|0x0000000605400000, 0x0000000605400000, 0x0000000605800000|  0%| F|  |TAMS 0x0000000605400000, 0x0000000605400000| Untracked 
|   3|0x0000000605800000, 0x0000000605800000, 0x0000000605c00000|  0%| F|  |TAMS 0x0000000605800000, 0x0000000605800000| Untracked 
|   4|0x0000000605c00000, 0x0000000605c00000, 0x0000000606000000|  0%| F|  |TAMS 0x0000000605c00000, 0x0000000605c00000| Untracked 
|   5|0x0000000606000000, 0x0000000606000000, 0x0000000606400000|  0%| F|  |TAMS 0x0000000606000000, 0x0000000606000000| Untracked 
|   6|0x0000000606400000, 0x0000000606400000, 0x0000000606800000|  0%| F|  |TAMS 0x0000000606400000, 0x0000000606400000| Untracked 
|   7|0x0000000606800000, 0x0000000606800000, 0x0000000606c00000|  0%| F|  |TAMS 0x0000000606800000, 0x0000000606800000| Untracked 
|   8|0x0000000606c00000, 0x0000000606c00000, 0x0000000607000000|  0%| F|  |TAMS 0x0000000606c00000, 0x0000000606c00000| Untracked 
|   9|0x0000000607000000, 0x0000000607000000, 0x0000000607400000|  0%| F|  |TAMS 0x0000000607000000, 0x0000000607000000| Untracked 
|  10|0x0000000607400000, 0x0000000607400000, 0x0000000607800000|  0%| F|  |TAMS 0x0000000607400000, 0x0000000607400000| Untracked 
|  11|0x0000000607800000, 0x0000000607800000, 0x0000000607c00000|  0%| F|  |TAMS 0x0000000607800000, 0x0000000607800000| Untracked 
|  12|0x0000000607c00000, 0x0000000607c00000, 0x0000000608000000|  0%| F|  |TAMS 0x0000000607c00000, 0x0000000607c00000| Untracked 
|  13|0x0000000608000000, 0x0000000608000000, 0x0000000608400000|  0%| F|  |TAMS 0x0000000608000000, 0x0000000608000000| Untracked 
|  14|0x0000000608400000, 0x0000000608400000, 0x0000000608800000|  0%| F|  |TAMS 0x0000000608400000, 0x0000000608400000| Untracked 
|  15|0x0000000608800000, 0x0000000608800000, 0x0000000608c00000|  0%| F|  |TAMS 0x0000000608800000, 0x0000000608800000| Untracked 
|  16|0x0000000608c00000, 0x0000000608c00000, 0x0000000609000000|  0%| F|  |TAMS 0x0000000608c00000, 0x0000000608c00000| Untracked 
|  17|0x0000000609000000, 0x0000000609000000, 0x0000000609400000|  0%| F|  |TAMS 0x0000000609000000, 0x0000000609000000| Untracked 
|  18|0x0000000609400000, 0x0000000609400000, 0x0000000609800000|  0%| F|  |TAMS 0x0000000609400000, 0x0000000609400000| Untracked 
|  19|0x0000000609800000, 0x0000000609800000, 0x0000000609c00000|  0%| F|  |TAMS 0x0000000609800000, 0x0000000609800000| Untracked 
|  20|0x0000000609c00000, 0x0000000609c00000, 0x000000060a000000|  0%| F|  |TAMS 0x0000000609c00000, 0x0000000609c00000| Untracked 
|  21|0x000000060a000000, 0x000000060a000000, 0x000000060a400000|  0%| F|  |TAMS 0x000000060a000000, 0x000000060a000000| Untracked 
|  22|0x000000060a400000, 0x000000060a400000, 0x000000060a800000|  0%| F|  |TAMS 0x000000060a400000, 0x000000060a400000| Untracked 
|  23|0x000000060a800000, 0x000000060a800000, 0x000000060ac00000|  0%| F|  |TAMS 0x000000060a800000, 0x000000060a800000| Untracked 
|  24|0x000000060ac00000, 0x000000060ac00000, 0x000000060b000000|  0%| F|  |TAMS 0x000000060ac00000, 0x000000060ac00000| Untracked 
|  25|0x000000060b000000, 0x000000060b000000, 0x000000060b400000|  0%| F|  |TAMS 0x000000060b000000, 0x000000060b000000| Untracked 
|  26|0x000000060b400000, 0x000000060b400000, 0x000000060b800000|  0%| F|  |TAMS 0x000000060b400000, 0x000000060b400000| Untracked 
|  27|0x000000060b800000, 0x000000060b800000, 0x000000060bc00000|  0%| F|  |TAMS 0x000000060b800000, 0x000000060b800000| Untracked 
|  28|0x000000060bc00000, 0x000000060bc00000, 0x000000060c000000|  0%| F|  |TAMS 0x000000060bc00000, 0x000000060bc00000| Untracked 
|  29|0x000000060c000000, 0x000000060c000000, 0x000000060c400000|  0%| F|  |TAMS 0x000000060c000000, 0x000000060c000000| Untracked 
|  30|0x000000060c400000, 0x000000060c400000, 0x000000060c800000|  0%| F|  |TAMS 0x000000060c400000, 0x000000060c400000| Untracked 
|  31|0x000000060c800000, 0x000000060c800000, 0x000000060cc00000|  0%| F|  |TAMS 0x000000060c800000, 0x000000060c800000| Untracked 
|  32|0x000000060cc00000, 0x000000060cc00000, 0x000000060d000000|  0%| F|  |TAMS 0x000000060cc00000, 0x000000060cc00000| Untracked 
|  33|0x000000060d000000, 0x000000060d000000, 0x000000060d400000|  0%| F|  |TAMS 0x000000060d000000, 0x000000060d000000| Untracked 
|  34|0x000000060d400000, 0x000000060d400000, 0x000000060d800000|  0%| F|  |TAMS 0x000000060d400000, 0x000000060d400000| Untracked 
|  35|0x000000060d800000, 0x000000060d800000, 0x000000060dc00000|  0%| F|  |TAMS 0x000000060d800000, 0x000000060d800000| Untracked 
|  36|0x000000060dc00000, 0x000000060dc00000, 0x000000060e000000|  0%| F|  |TAMS 0x000000060dc00000, 0x000000060dc00000| Untracked 
|  37|0x000000060e000000, 0x000000060e000000, 0x000000060e400000|  0%| F|  |TAMS 0x000000060e000000, 0x000000060e000000| Untracked 
|  38|0x000000060e400000, 0x000000060e400000, 0x000000060e800000|  0%| F|  |TAMS 0x000000060e400000, 0x000000060e400000| Untracked 
|  39|0x000000060e800000, 0x000000060e800000, 0x000000060ec00000|  0%| F|  |TAMS 0x000000060e800000, 0x000000060e800000| Untracked 
|  40|0x000000060ec00000, 0x000000060ec00000, 0x000000060f000000|  0%| F|  |TAMS 0x000000060ec00000, 0x000000060ec00000| Untracked 
|  41|0x000000060f000000, 0x000000060f000000, 0x000000060f400000|  0%| F|  |TAMS 0x000000060f000000, 0x000000060f000000| Untracked 
|  42|0x000000060f400000, 0x000000060f400000, 0x000000060f800000|  0%| F|  |TAMS 0x000000060f400000, 0x000000060f400000| Untracked 
|  43|0x000000060f800000, 0x000000060f800000, 0x000000060fc00000|  0%| F|  |TAMS 0x000000060f800000, 0x000000060f800000| Untracked 
|  44|0x000000060fc00000, 0x000000060fc00000, 0x0000000610000000|  0%| F|  |TAMS 0x000000060fc00000, 0x000000060fc00000| Untracked 
|  45|0x0000000610000000, 0x0000000610000000, 0x0000000610400000|  0%| F|  |TAMS 0x0000000610000000, 0x0000000610000000| Untracked 
|  46|0x0000000610400000, 0x0000000610400000, 0x0000000610800000|  0%| F|  |TAMS 0x0000000610400000, 0x0000000610400000| Untracked 
|  47|0x0000000610800000, 0x0000000610800000, 0x0000000610c00000|  0%| F|  |TAMS 0x0000000610800000, 0x0000000610800000| Untracked 
|  48|0x0000000610c00000, 0x0000000610c00000, 0x0000000611000000|  0%| F|  |TAMS 0x0000000610c00000, 0x0000000610c00000| Untracked 
|  49|0x0000000611000000, 0x0000000611000000, 0x0000000611400000|  0%| F|  |TAMS 0x0000000611000000, 0x0000000611000000| Untracked 
|  50|0x0000000611400000, 0x0000000611400000, 0x0000000611800000|  0%| F|  |TAMS 0x0000000611400000, 0x0000000611400000| Untracked 
|  51|0x0000000611800000, 0x0000000611800000, 0x0000000611c00000|  0%| F|  |TAMS 0x0000000611800000, 0x0000000611800000| Untracked 
|  52|0x0000000611c00000, 0x0000000611c00000, 0x0000000612000000|  0%| F|  |TAMS 0x0000000611c00000, 0x0000000611c00000| Untracked 
|  53|0x0000000612000000, 0x0000000612000000, 0x0000000612400000|  0%| F|  |TAMS 0x0000000612000000, 0x0000000612000000| Untracked 
|  54|0x0000000612400000, 0x0000000612400000, 0x0000000612800000|  0%| F|  |TAMS 0x0000000612400000, 0x0000000612400000| Untracked 
|  55|0x0000000612800000, 0x0000000612800000, 0x0000000612c00000|  0%| F|  |TAMS 0x0000000612800000, 0x0000000612800000| Untracked 
|  56|0x0000000612c00000, 0x0000000612c00000, 0x0000000613000000|  0%| F|  |TAMS 0x0000000612c00000, 0x0000000612c00000| Untracked 
|  57|0x0000000613000000, 0x0000000613000000, 0x0000000613400000|  0%| F|  |TAMS 0x0000000613000000, 0x0000000613000000| Untracked 
|  58|0x0000000613400000, 0x0000000613400000, 0x0000000613800000|  0%| F|  |TAMS 0x0000000613400000, 0x0000000613400000| Untracked 
|  59|0x0000000613800000, 0x0000000613800000, 0x0000000613c00000|  0%| F|  |TAMS 0x0000000613800000, 0x0000000613800000| Untracked 
|  60|0x0000000613c00000, 0x0000000613c00000, 0x0000000614000000|  0%| F|  |TAMS 0x0000000613c00000, 0x0000000613c00000| Untracked 
|  61|0x0000000614000000, 0x0000000614000000, 0x0000000614400000|  0%| F|  |TAMS 0x0000000614000000, 0x0000000614000000| Untracked 
|  62|0x0000000614400000, 0x0000000614400000, 0x0000000614800000|  0%| F|  |TAMS 0x0000000614400000, 0x0000000614400000| Untracked 
|  63|0x0000000614800000, 0x0000000614800000, 0x0000000614c00000|  0%| F|  |TAMS 0x0000000614800000, 0x0000000614800000| Untracked 
|  64|0x0000000614c00000, 0x0000000614c00000, 0x0000000615000000|  0%| F|  |TAMS 0x0000000614c00000, 0x0000000614c00000| Untracked 
|  65|0x0000000615000000, 0x0000000615000000, 0x0000000615400000|  0%| F|  |TAMS 0x0000000615000000, 0x0000000615000000| Untracked 
|  66|0x0000000615400000, 0x0000000615400000, 0x0000000615800000|  0%| F|  |TAMS 0x0000000615400000, 0x0000000615400000| Untracked 
|  67|0x0000000615800000, 0x0000000615800000, 0x0000000615c00000|  0%| F|  |TAMS 0x0000000615800000, 0x0000000615800000| Untracked 
|  68|0x0000000615c00000, 0x0000000615c00000, 0x0000000616000000|  0%| F|  |TAMS 0x0000000615c00000, 0x0000000615c00000| Untracked 
|  69|0x0000000616000000, 0x0000000616000000, 0x0000000616400000|  0%| F|  |TAMS 0x0000000616000000, 0x0000000616000000| Untracked 
|  70|0x0000000616400000, 0x0000000616400000, 0x0000000616800000|  0%| F|  |TAMS 0x0000000616400000, 0x0000000616400000| Untracked 
|  71|0x0000000616800000, 0x0000000616800000, 0x0000000616c00000|  0%| F|  |TAMS 0x0000000616800000, 0x0000000616800000| Untracked 
|  72|0x0000000616c00000, 0x0000000616c00000, 0x0000000617000000|  0%| F|  |TAMS 0x0000000616c00000, 0x0000000616c00000| Untracked 
|  73|0x0000000617000000, 0x0000000617000000, 0x0000000617400000|  0%| F|  |TAMS 0x0000000617000000, 0x0000000617000000| Untracked 
|  74|0x0000000617400000, 0x0000000617400000, 0x0000000617800000|  0%| F|  |TAMS 0x0000000617400000, 0x0000000617400000| Untracked 
|  75|0x0000000617800000, 0x0000000617800000, 0x0000000617c00000|  0%| F|  |TAMS 0x0000000617800000, 0x0000000617800000| Untracked 
|  76|0x0000000617c00000, 0x0000000617c00000, 0x0000000618000000|  0%| F|  |TAMS 0x0000000617c00000, 0x0000000617c00000| Untracked 
|  77|0x0000000618000000, 0x0000000618000000, 0x0000000618400000|  0%| F|  |TAMS 0x0000000618000000, 0x0000000618000000| Untracked 
|  78|0x0000000618400000, 0x0000000618400000, 0x0000000618800000|  0%| F|  |TAMS 0x0000000618400000, 0x0000000618400000| Untracked 
|  79|0x0000000618800000, 0x0000000618800000, 0x0000000618c00000|  0%| F|  |TAMS 0x0000000618800000, 0x0000000618800000| Untracked 
|  80|0x0000000618c00000, 0x0000000618c00000, 0x0000000619000000|  0%| F|  |TAMS 0x0000000618c00000, 0x0000000618c00000| Untracked 
|  81|0x0000000619000000, 0x0000000619000000, 0x0000000619400000|  0%| F|  |TAMS 0x0000000619000000, 0x0000000619000000| Untracked 
|  82|0x0000000619400000, 0x0000000619400000, 0x0000000619800000|  0%| F|  |TAMS 0x0000000619400000, 0x0000000619400000| Untracked 
|  83|0x0000000619800000, 0x0000000619800000, 0x0000000619c00000|  0%| F|  |TAMS 0x0000000619800000, 0x0000000619800000| Untracked 
|  84|0x0000000619c00000, 0x0000000619c00000, 0x000000061a000000|  0%| F|  |TAMS 0x0000000619c00000, 0x0000000619c00000| Untracked 
|  85|0x000000061a000000, 0x000000061a000000, 0x000000061a400000|  0%| F|  |TAMS 0x000000061a000000, 0x000000061a000000| Untracked 
|  86|0x000000061a400000, 0x000000061a400000, 0x000000061a800000|  0%| F|  |TAMS 0x000000061a400000, 0x000000061a400000| Untracked 
|  87|0x000000061a800000, 0x000000061a800000, 0x000000061ac00000|  0%| F|  |TAMS 0x000000061a800000, 0x000000061a800000| Untracked 
|  88|0x000000061ac00000, 0x000000061ac00000, 0x000000061b000000|  0%| F|  |TAMS 0x000000061ac00000, 0x000000061ac00000| Untracked 
|  89|0x000000061b000000, 0x000000061b000000, 0x000000061b400000|  0%| F|  |TAMS 0x000000061b000000, 0x000000061b000000| Untracked 
|  90|0x000000061b400000, 0x000000061b400000, 0x000000061b800000|  0%| F|  |TAMS 0x000000061b400000, 0x000000061b400000| Untracked 
|  91|0x000000061b800000, 0x000000061b800000, 0x000000061bc00000|  0%| F|  |TAMS 0x000000061b800000, 0x000000061b800000| Untracked 
|  92|0x000000061bc00000, 0x000000061bc00000, 0x000000061c000000|  0%| F|  |TAMS 0x000000061bc00000, 0x000000061bc00000| Untracked 
|  93|0x000000061c000000, 0x000000061c000000, 0x000000061c400000|  0%| F|  |TAMS 0x000000061c000000, 0x000000061c000000| Untracked 
|  94|0x000000061c400000, 0x000000061c400000, 0x000000061c800000|  0%| F|  |TAMS 0x000000061c400000, 0x000000061c400000| Untracked 
|  95|0x000000061c800000, 0x000000061c800000, 0x000000061cc00000|  0%| F|  |TAMS 0x000000061c800000, 0x000000061c800000| Untracked 
|  96|0x000000061cc00000, 0x000000061cc00000, 0x000000061d000000|  0%| F|  |TAMS 0x000000061cc00000, 0x000000061cc00000| Untracked 
|  97|0x000000061d000000, 0x000000061d000000, 0x000000061d400000|  0%| F|  |TAMS 0x000000061d000000, 0x000000061d000000| Untracked 
|  98|0x000000061d400000, 0x000000061d400000, 0x000000061d800000|  0%| F|  |TAMS 0x000000061d400000, 0x000000061d400000| Untracked 
|  99|0x000000061d800000, 0x000000061d800000, 0x000000061dc00000|  0%| F|  |TAMS 0x000000061d800000, 0x000000061d800000| Untracked 
| 100|0x000000061dc00000, 0x000000061dc00000, 0x000000061e000000|  0%| F|  |TAMS 0x000000061dc00000, 0x000000061dc00000| Untracked 
| 101|0x000000061e000000, 0x000000061e000000, 0x000000061e400000|  0%| F|  |TAMS 0x000000061e000000, 0x000000061e000000| Untracked 
| 102|0x000000061e400000, 0x000000061e400000, 0x000000061e800000|  0%| F|  |TAMS 0x000000061e400000, 0x000000061e400000| Untracked 
| 103|0x000000061e800000, 0x000000061e800000, 0x000000061ec00000|  0%| F|  |TAMS 0x000000061e800000, 0x000000061e800000| Untracked 
| 104|0x000000061ec00000, 0x000000061ec00000, 0x000000061f000000|  0%| F|  |TAMS 0x000000061ec00000, 0x000000061ec00000| Untracked 
| 105|0x000000061f000000, 0x000000061f000000, 0x000000061f400000|  0%| F|  |TAMS 0x000000061f000000, 0x000000061f000000| Untracked 
| 106|0x000000061f400000, 0x000000061f400000, 0x000000061f800000|  0%| F|  |TAMS 0x000000061f400000, 0x000000061f400000| Untracked 
| 107|0x000000061f800000, 0x000000061f800000, 0x000000061fc00000|  0%| F|  |TAMS 0x000000061f800000, 0x000000061f800000| Untracked 
| 108|0x000000061fc00000, 0x000000061fc00000, 0x0000000620000000|  0%| F|  |TAMS 0x000000061fc00000, 0x000000061fc00000| Untracked 
| 109|0x0000000620000000, 0x0000000620000000, 0x0000000620400000|  0%| F|  |TAMS 0x0000000620000000, 0x0000000620000000| Untracked 
| 110|0x0000000620400000, 0x0000000620400000, 0x0000000620800000|  0%| F|  |TAMS 0x0000000620400000, 0x0000000620400000| Untracked 
| 111|0x0000000620800000, 0x0000000620800000, 0x0000000620c00000|  0%| F|  |TAMS 0x0000000620800000, 0x0000000620800000| Untracked 
| 112|0x0000000620c00000, 0x0000000620c00000, 0x0000000621000000|  0%| F|  |TAMS 0x0000000620c00000, 0x0000000620c00000| Untracked 
| 113|0x0000000621000000, 0x0000000621000000, 0x0000000621400000|  0%| F|  |TAMS 0x0000000621000000, 0x0000000621000000| Untracked 
| 114|0x0000000621400000, 0x0000000621400000, 0x0000000621800000|  0%| F|  |TAMS 0x0000000621400000, 0x0000000621400000| Untracked 
| 115|0x0000000621800000, 0x0000000621800000, 0x0000000621c00000|  0%| F|  |TAMS 0x0000000621800000, 0x0000000621800000| Untracked 
| 116|0x0000000621c00000, 0x0000000621c00000, 0x0000000622000000|  0%| F|  |TAMS 0x0000000621c00000, 0x0000000621c00000| Untracked 
| 117|0x0000000622000000, 0x0000000622000000, 0x0000000622400000|  0%| F|  |TAMS 0x0000000622000000, 0x0000000622000000| Untracked 
| 118|0x0000000622400000, 0x0000000622400000, 0x0000000622800000|  0%| F|  |TAMS 0x0000000622400000, 0x0000000622400000| Untracked 
| 119|0x0000000622800000, 0x0000000622800000, 0x0000000622c00000|  0%| F|  |TAMS 0x0000000622800000, 0x0000000622800000| Untracked 
| 120|0x0000000622c00000, 0x0000000622c00000, 0x0000000623000000|  0%| F|  |TAMS 0x0000000622c00000, 0x0000000622c00000| Untracked 
| 121|0x0000000623000000, 0x0000000623000000, 0x0000000623400000|  0%| F|  |TAMS 0x0000000623000000, 0x0000000623000000| Untracked 
| 122|0x0000000623400000, 0x0000000623400000, 0x0000000623800000|  0%| F|  |TAMS 0x0000000623400000, 0x0000000623400000| Untracked 
| 123|0x0000000623800000, 0x0000000623800000, 0x0000000623c00000|  0%| F|  |TAMS 0x0000000623800000, 0x0000000623800000| Untracked 
| 124|0x0000000623c00000, 0x0000000623c00000, 0x0000000624000000|  0%| F|  |TAMS 0x0000000623c00000, 0x0000000623c00000| Untracked 
| 125|0x0000000624000000, 0x0000000624000000, 0x0000000624400000|  0%| F|  |TAMS 0x0000000624000000, 0x0000000624000000| Untracked 
| 126|0x0000000624400000, 0x00000006247d7398, 0x0000000624800000| 96%| E|  |TAMS 0x0000000624400000, 0x0000000624400000| Complete 

Card table byte_map: [0x00000266fda10000,0x00000266fe9f0000] _byte_map_base: 0x00000266fa9ea000

Marking Bits (Prev, Next): (CMBitMap*) 0x00000266f2c11720, (CMBitMap*) 0x00000266f2c11760
 Prev Bits: [0x000002668f000000, 0x0000026696ed0000)
 Next Bits: [0x0000026696ed0000, 0x000002669eda0000)

Polling page: 0x00000266f2910000

Metaspace:

Usage:
  Non-class:    711.42 KB used.
      Class:     63.99 KB used.
       Both:    775.41 KB used.

Virtual space:
  Non-class space:        8.00 MB reserved,     768.00 KB (  9%) committed,  1 nodes.
      Class space:        1.00 GB reserved,     128.00 KB ( <1%) committed,  1 nodes.
             Both:        1.01 GB reserved,     896.00 KB ( <1%) committed. 

Chunk freelists:
   Non-Class:  3.94 MB
       Class:  3.73 MB
        Both:  7.67 MB

MaxMetaspaceSize: unlimited
CompressedClassSpaceSize: 1.00 GB
Initial GC threshold: 21.00 MB
Current GC threshold: 21.00 MB
CDS: on
MetaspaceReclaimPolicy: balanced
 - commit_granule_bytes: 65536.
 - commit_granule_words: 8192.
 - virtual_space_node_default_size: 1048576.
 - enlarge_chunks_in_place: 1.
 - new_chunks_are_fully_committed: 0.
 - uncommit_free_chunks: 1.
 - use_allocation_guard: 0.
 - handle_deallocations: 1.


Internal statistics:

num_allocs_failed_limit: 0.
num_arena_births: 40.
num_arena_deaths: 0.
num_vsnodes_births: 2.
num_vsnodes_deaths: 0.
num_space_committed: 14.
num_space_uncommitted: 0.
num_chunks_returned_to_freelist: 0.
num_chunks_taken_from_freelist: 45.
num_chunk_merges: 0.
num_chunk_splits: 31.
num_chunks_enlarged: 20.
num_purges: 0.
num_inconsistent_stats: 0.

CodeHeap 'non-profiled nmethods': size=120000Kb used=95Kb max_used=95Kb free=119904Kb
 bounds [0x0000026687ad0000, 0x0000026687d40000, 0x000002668f000000]
CodeHeap 'profiled nmethods': size=120000Kb used=276Kb max_used=276Kb free=119723Kb
 bounds [0x0000026680000000, 0x0000026680270000, 0x0000026687530000]
CodeHeap 'non-nmethods': size=5760Kb used=1120Kb max_used=1133Kb free=4639Kb
 bounds [0x0000026687530000, 0x00000266877a0000, 0x0000026687ad0000]
 total_blobs=656 nmethods=255 adapters=314
 compilation: enabled
              stopped_count=0, restarted_count=0
 full_count=0

Compilation events (20 events):
Event: 0.136 Thread 0x00000266a15c5e10  234       3       java.lang.invoke.MemberName::isResolved (13 bytes)
Event: 0.136 Thread 0x00000266a15c5e10 nmethod 234 0x0000026680039710 code [0x00000266800398a0, 0x0000026680039a18]
Event: 0.136 Thread 0x00000266a15c5e10  236       3       java.lang.invoke.LambdaForm::argument (27 bytes)
Event: 0.136 Thread 0x00000266a15c1360  237       4       java.util.Objects::requireNonNull (14 bytes)
Event: 0.136 Thread 0x00000266a15c5e10 nmethod 236 0x0000026680039a90 code [0x0000026680039c40, 0x0000026680039ea8]
Event: 0.136 Thread 0x00000266a15c5e10  239       3       java.lang.invoke.LambdaForm$Name::initIndex (26 bytes)
Event: 0.136 Thread 0x00000266a15c5e10 nmethod 239 0x000002668003a010 code [0x000002668003a1a0, 0x000002668003a358]
Event: 0.136 Thread 0x00000266a15c5e10  241       3       jdk.internal.org.objectweb.asm.Frame::execute (2305 bytes)
Event: 0.137 Thread 0x00000266a15c1360 nmethod 237 0x0000026687ae5b90 code [0x0000026687ae5d00, 0x0000026687ae5d78]
Event: 0.139 Thread 0x00000266a15c1360  255       4       java.lang.StringLatin1::equals (36 bytes)
Event: 0.141 Thread 0x00000266a15c5e10 nmethod 241 0x000002668003a410 code [0x000002668003b340, 0x0000026680041d78]
Event: 0.141 Thread 0x00000266a15c5e10  249       3       java.lang.invoke.MethodType::checkPtypes (76 bytes)
Event: 0.142 Thread 0x00000266a15c5e10 nmethod 249 0x0000026680043990 code [0x0000026680043c00, 0x0000026680044568]
Event: 0.142 Thread 0x00000266a15c5e10  245       3       java.lang.invoke.MethodType::parameterCount (6 bytes)
Event: 0.142 Thread 0x00000266a15c5e10 nmethod 245 0x0000026680044910 code [0x0000026680044aa0, 0x0000026680044bb8]
Event: 0.142 Thread 0x00000266a15c5e10  244       3       java.lang.invoke.LambdaForm::internArgument (85 bytes)
Event: 0.142 Thread 0x00000266a15c5e10 nmethod 244 0x0000026680044c90 code [0x0000026680044e60, 0x00000266800451c8]
Event: 0.143 Thread 0x00000266a15c5e10  240       1       java.lang.invoke.LambdaForm$BasicType::basicTypeClass (5 bytes)
Event: 0.143 Thread 0x00000266a15c5e10 nmethod 240 0x0000026687ae7990 code [0x0000026687ae7b20, 0x0000026687ae7bf8]
Event: 0.143 Thread 0x00000266a15c5e10  247       3       java.lang.Class::getName (18 bytes)

GC Heap History (0 events):
No events

Deoptimization events (0 events):
No events

Classes unloaded (0 events):
No events

Classes redefined (1 events):
Event: 0.115 Thread 0x00000266ffbc4a50 redefined class name=java.io.FileOutputStream, count=1

Internal exceptions (2 events):
Event: 0.124 Thread 0x00000266a1803db0 Exception <a 'java/lang/NoSuchMethodError'{0x000000062466aec0}: 'java.lang.Object java.lang.invoke.DirectMethodHandle$Holder.invokeStaticInit(java.lang.Object)'> (0x000000062466aec0) 
thrown [s\open\src\hotspot\share\interpreter\linkResolver.cpp, line 759]
Event: 0.136 Thread 0x00000266a1803db0 Exception <a 'java/lang/NoSuchMethodError'{0x0000000624678b80}: 'void java.lang.invoke.DirectMethodHandle$Holder.invokeStatic(java.lang.Object, java.lang.Object)'> (0x0000000624678b80) 
thrown [s\open\src\hotspot\share\interpreter\linkResolver.cpp, line 759]

VM Operations (6 events):
Event: 0.070 Executing VM operation: HandshakeAllThreads
Event: 0.070 Executing VM operation: HandshakeAllThreads done
Event: 0.115 Executing VM operation: RedefineClasses
Event: 0.116 Executing VM operation: RedefineClasses done
Event: 0.121 Executing VM operation: HandshakeAllThreads
Event: 0.121 Executing VM operation: HandshakeAllThreads done

Events (20 events):
Event: 0.139 loading class sun/nio/ch/NativeThread
Event: 0.139 loading class sun/nio/ch/NativeThread done
Event: 0.140 loading class java/io/BufferedReader
Event: 0.140 loading class java/io/BufferedReader done
Event: 0.140 loading class java/net/Socket$SocketInputStream
Event: 0.140 loading class java/net/Socket$SocketInputStream done
Event: 0.140 loading class sun/nio/ch/NioSocketImpl$1
Event: 0.140 loading class sun/nio/ch/NioSocketImpl$1 done
Event: 0.141 loading class sun/nio/cs/StreamDecoder
Event: 0.141 loading class sun/nio/cs/StreamDecoder done
Event: 0.141 loading class sun/nio/cs/US_ASCII$Decoder
Event: 0.142 loading class sun/nio/cs/US_ASCII$Decoder done
Event: 0.142 loading class sun/nio/ch/Util
Event: 0.142 Thread 0x00000266f2b91e80 Thread exited: 0x00000266f2b91e80
Event: 0.142 loading class sun/nio/ch/Util done
Event: 0.142 Thread 0x00000266f2b91e80 Thread added: 0x00000266f2b91e80
Event: 0.142 loading class sun/nio/ch/Util$1
Event: 0.143 loading class sun/nio/ch/Util$1 done
Event: 0.143 loading class sun/nio/ch/Util$BufferCache
Event: 0.143 Thread 0x00000266f2b91e80 Thread exited: 0x00000266f2b91e80


Dynamic libraries:
0x00007ff782530000 - 0x00007ff782540000 	C:\Program Files\Java\jdk-17\bin\java.exe
0x00007ffa068b0000 - 0x00007ffa06ac4000 	C:\WINDOWS\SYSTEM32\ntdll.dll
0x00007ffa065f0000 - 0x00007ffa066b2000 	C:\WINDOWS\System32\KERNEL32.DLL
0x00007ffa06240000 - 0x00007ffa065e3000 	C:\WINDOWS\System32\KERNELBASE.dll
0x0000000075cf0000 - 0x0000000075d2b000 	C:\WINDOWS\System32\cyinjct.dll
0x00007ffa060d0000 - 0x00007ffa060dc000 	C:\WINDOWS\System32\ntnativeapi.dll
0x00007ff9e7ea0000 - 0x00007ff9e7eb9000 	C:\Program Files\Java\jdk-17\bin\jli.dll
0x00007ffa04370000 - 0x00007ffa0441e000 	C:\WINDOWS\System32\ADVAPI32.dll
0x00007ffa059c0000 - 0x00007ffa05a67000 	C:\WINDOWS\System32\msvcrt.dll
0x00007ffa05a70000 - 0x00007ffa05b14000 	C:\WINDOWS\System32\sechost.dll
0x00007ffa06120000 - 0x00007ffa06237000 	C:\WINDOWS\System32\RPCRT4.dll
0x00000266f25c0000 - 0x00000266f276b000 	C:\WINDOWS\System32\USER32.dll
0x00007ffa03dc0000 - 0x00007ffa03de6000 	C:\WINDOWS\System32\win32u.dll
0x00007ffa04d00000 - 0x00007ffa04d29000 	C:\WINDOWS\System32\GDI32.dll
0x00007ffa03f30000 - 0x00007ffa04049000 	C:\WINDOWS\System32\gdi32full.dll
0x00007ffa03b90000 - 0x00007ffa03c2a000 	C:\WINDOWS\System32\msvcp_win.dll
0x00000266f2770000 - 0x00000266f2881000 	C:\WINDOWS\System32\ucrtbase.dll
0x00007ff9e7230000 - 0x00007ff9e724b000 	C:\Program Files\Java\jdk-17\bin\VCRUNTIME140.dll
0x00007ff9ee740000 - 0x00007ff9ee9ce000 	C:\WINDOWS\WinSxS\amd64_microsoft.windows.common-controls_6595b64144ccf1df_6.0.22621.1635_none_270f70857386168e\COMCTL32.dll
0x00007ff9ef300000 - 0x00007ff9ef30a000 	C:\WINDOWS\SYSTEM32\VERSION.dll
0x00007ffa060b0000 - 0x00007ffa060ce000 	C:\WINDOWS\System32\cyvera.dll
0x00007ffa06040000 - 0x00007ffa060ab000 	C:\WINDOWS\System32\cyvrtrap.dll
0x00007ffa04780000 - 0x00007ffa047b1000 	C:\WINDOWS\System32\IMM32.DLL
0x00007ff9fba30000 - 0x00007ff9fba3c000 	C:\Program Files\Java\jdk-17\bin\vcruntime140_1.dll
0x00007ff9c19f0000 - 0x00007ff9c1a7e000 	C:\Program Files\Java\jdk-17\bin\msvcp140.dll
0x00007ff97b920000 - 0x00007ff97c4fd000 	C:\Program Files\Java\jdk-17\bin\server\jvm.dll
0x00007ffa04360000 - 0x00007ffa04368000 	C:\WINDOWS\System32\PSAPI.DLL
0x00007ff9fbac0000 - 0x00007ff9fbac9000 	C:\WINDOWS\SYSTEM32\WSOCK32.dll
0x00007ffa042e0000 - 0x00007ffa04351000 	C:\WINDOWS\System32\WS2_32.dll
0x00007ff9f6580000 - 0x00007ff9f65b4000 	C:\WINDOWS\SYSTEM32\WINMM.dll
0x00007ffa02ab0000 - 0x00007ffa02ac8000 	C:\WINDOWS\SYSTEM32\kernel.appcore.dll
0x00007ff9fb9f0000 - 0x00007ff9fb9fa000 	C:\Program Files\Java\jdk-17\bin\jimage.dll
0x00007ffa010f0000 - 0x00007ffa0131e000 	C:\WINDOWS\SYSTEM32\DBGHELP.DLL
0x00007ffa04d30000 - 0x00007ffa050b9000 	C:\WINDOWS\System32\combase.dll
0x00007ffa04a00000 - 0x00007ffa04ad7000 	C:\WINDOWS\System32\OLEAUT32.dll
0x00007ff9f00d0000 - 0x00007ff9f0102000 	C:\WINDOWS\SYSTEM32\dbgcore.DLL
0x00007ffa03df0000 - 0x00007ffa03e6b000 	C:\WINDOWS\System32\bcryptPrimitives.dll
0x00007ff9fbf20000 - 0x00007ff9fbf2e000 	C:\Program Files\Java\jdk-17\bin\instrument.dll
0x00007ff9d39b0000 - 0x00007ff9d39d5000 	C:\Program Files\Java\jdk-17\bin\java.dll
0x00007ffa06000000 - 0x00007ffa06037000 	C:\Program Files\Palo Alto Networks\Traps\cyjagent.dll
0x00007ff9b8110000 - 0x00007ff9b81e7000 	C:\Program Files\Java\jdk-17\bin\jsvml.dll
0x00007ffa050c0000 - 0x00007ffa058ba000 	C:\WINDOWS\System32\SHELL32.dll
0x00007ffa01870000 - 0x00007ffa0213e000 	C:\WINDOWS\SYSTEM32\windows.storage.dll
0x00007ffa01730000 - 0x00007ffa0186e000 	C:\WINDOWS\SYSTEM32\wintypes.dll
0x00007ffa044b0000 - 0x00007ffa045a1000 	C:\WINDOWS\System32\SHCORE.dll
0x00007ffa041c0000 - 0x00007ffa0421e000 	C:\WINDOWS\System32\shlwapi.dll
0x00007ffa03ac0000 - 0x00007ffa03ae1000 	C:\WINDOWS\SYSTEM32\profapi.dll
0x00007ff9d2910000 - 0x00007ff9d2928000 	C:\Program Files\Java\jdk-17\bin\zip.dll
0x00007ff9d5e60000 - 0x00007ff9d5e79000 	C:\Program Files\Java\jdk-17\bin\net.dll
0x00007ffa02ad0000 - 0x00007ffa02c07000 	C:\WINDOWS\SYSTEM32\WINHTTP.dll
0x00007ffa03050000 - 0x00007ffa030b9000 	C:\WINDOWS\system32\mswsock.dll
0x00007ff9d34f0000 - 0x00007ff9d3506000 	C:\Program Files\Java\jdk-17\bin\nio.dll
0x00007ff9fbaa0000 - 0x00007ff9fbaba000 	C:\Program Files\JetBrains\IntelliJ IDEA Community Edition 2023.1.2\bin\breakgen64.dll

dbghelp: loaded successfully - version: 4.0.5 - missing functions: none
symbol engine: initialized successfully - sym options: 0x614 - pdb path: .;C:\Program Files\Java\jdk-17\bin;C:\WINDOWS\SYSTEM32;C:\WINDOWS\WinSxS\amd64_microsoft.windows.common-controls_6595b64144ccf1df_6.0.22621.1635_none_270f70857386168e;C:\Program Files\Java\jdk-17\bin\server;C:\Program Files\Palo Alto Networks\Traps;C:\Program Files\JetBrains\IntelliJ IDEA Community Edition 2023.1.2\bin

VM Arguments:
jvm_args: -javaagent:C:\Program Files\JetBrains\IntelliJ IDEA Community Edition 2023.1.2\lib\idea_rt.jar=53674:C:\Program Files\JetBrains\IntelliJ IDEA Community Edition 2023.1.2\bin -Dfile.encoding=UTF-8 -agentpath:C:\Program Files\Palo Alto Networks\Traps\cyjagent.dll 
java_command: oop.inheritance.MainInheritance
java_class_path (initial): C:\Users\Adelina.Plesa\Projects\Accademy1\target\classes
Launcher Type: SUN_STANDARD

[Global flags]
     intx CICompilerCount                          = 4                                         {product} {ergonomic}
     uint ConcGCThreads                            = 3                                         {product} {ergonomic}
     uint G1ConcRefinementThreads                  = 10                                        {product} {ergonomic}
   size_t G1HeapRegionSize                         = 4194304                                   {product} {ergonomic}
    uintx GCDrainStackTargetSize                   = 64                                        {product} {ergonomic}
   size_t InitialHeapSize                          = 532676608                                 {product} {ergonomic}
   size_t MarkStackSize                            = 4194304                                   {product} {ergonomic}
   size_t MaxHeapSize                              = 8510242816                                {product} {ergonomic}
   size_t MaxNewSize                               = 5104467968                                {product} {ergonomic}
   size_t MinHeapDeltaBytes                        = 4194304                                   {product} {ergonomic}
   size_t MinHeapSize                              = 8388608                                   {product} {ergonomic}
    uintx NonNMethodCodeHeapSize                   = 5839372                                {pd product} {ergonomic}
    uintx NonProfiledCodeHeapSize                  = 122909434                              {pd product} {ergonomic}
    uintx ProfiledCodeHeapSize                     = 122909434                              {pd product} {ergonomic}
    uintx ReservedCodeCacheSize                    = 251658240                              {pd product} {ergonomic}
     bool SegmentedCodeCache                       = true                                      {product} {ergonomic}
   size_t SoftMaxHeapSize                          = 8510242816                             {manageable} {ergonomic}
     bool UseCompressedClassPointers               = true                           {product lp64_product} {ergonomic}
     bool UseCompressedOops                        = true                           {product lp64_product} {ergonomic}
     bool UseG1GC                                  = true                                      {product} {ergonomic}
     bool UseLargePagesIndividualAllocation        = false                                  {pd product} {ergonomic}

Logging:
Log output configuration:
 #0: stdout all=warning uptime,level,tags
 #1: stderr all=off uptime,level,tags

Environment Variables:
PATH=C:\Program Files\Common Files\Oracle\Java\javapath;C:\WINDOWS\system32;C:\WINDOWS;C:\WINDOWS\System32\Wbem;C:\WINDOWS\System32\WindowsPowerShell\v1.0\;C:\WINDOWS\System32\OpenSSH\;C:\Program Files\dotnet\;C:\Program Files\Java\jdk-17\bin;C:\Program Files\Git\cmd;C:\Users\Adelina.Plesa\AppData\Local\Microsoft\WindowsApps;
USERNAME=Adelina.Plesa
OS=Windows_NT
PROCESSOR_IDENTIFIER=Intel64 Family 6 Model 154 Stepping 4, GenuineIntel



---------------  S Y S T E M  ---------------

OS:
 Windows 11 , 64 bit Build 22621 (10.0.22621.1778)
OS uptime: 3 days 0:04 hours
Hyper-V role detected

CPU: total 12 (initial active 12) (6 cores per cpu, 2 threads per core) family 6 model 154 stepping 4 microcode 0x429, cx8, cmov, fxsr, ht, mmx, 3dnowpref, sse, sse2, sse3, ssse3, sse4.1, sse4.2, popcnt, lzcnt, tsc, tscinvbit, avx, avx2, aes, erms, clmul, bmi1, bmi2, adx, sha, fma, vzeroupper, clflush, clflushopt, clwb, hv

Memory: 4k page, system-wide physical 32452M (15882M free)
TotalPageFile size 37316M (AvailPageFile size 14126M)
current process WorkingSet (physical memory assigned to process): 38M, peak: 38M
current process commit charge ("private bytes"): 613M, peak: 614M

vm_info: Java HotSpot(TM) 64-Bit Server VM (17.0.7+8-LTS-224) for windows-amd64 JRE (17.0.7+8-LTS-224), built on Feb 28 2023 23:03:02 by "mach5one" with MS VC++ 17.1 (VS2022)

END.
